2022-11-23 23:17:11,199 - [INFO] - тестовое приложение - LOGGER - (guessthenumber.py).<module>(14) - Программа запустилась
2022-11-23 23:17:17,943 - [ERROR] - тестовое приложение - LOGGER - (guessthenumber.py).<module>(24) - Данные введены некорректно.
2022-11-23 23:17:17,943 - [INFO] - тестовое приложение - LOGGER - (guessthenumber.py).<module>(14) - Программа запустилась
2022-11-23 23:17:24,207 - [INFO] - тестовое приложение - LOGGER - (guessthenumber.py).<module>(27) - Пользователь ввел предел равный: 7
2022-11-23 23:17:24,207 - [INFO] - тестовое приложение - LOGGER - (guessthenumber.py).<module>(28) - Пользователь ввел количество попыток равное: 3
2022-11-23 23:17:24,207 - [INFO] - тестовое приложение - LOGGER - (guessthenumber.py).<module>(30) - Компьютер сгенерировал число равное: 7
2022-11-23 23:17:39,272 - [INFO] - тестовое приложение - LOGGER - (guessthenumber.py).<module>(33) - Число введённое пользователем: 4
2022-11-23 23:17:39,272 - [INFO] - тестовое приложение - LOGGER - (guessthenumber.py).<module>(46) - Число введенное пользователем меньше сгенерированного.
2022-11-23 23:17:46,399 - [INFO] - тестовое приложение - LOGGER - (guessthenumber.py).<module>(33) - Число введённое пользователем: 6
2022-11-23 23:17:46,399 - [INFO] - тестовое приложение - LOGGER - (guessthenumber.py).<module>(46) - Число введенное пользователем меньше сгенерированного.
2022-11-23 23:18:04,055 - [INFO] - тестовое приложение - LOGGER - (guessthenumber.py).<module>(33) - Число введённое пользователем: 7
2022-11-23 23:18:04,055 - [INFO] - тестовое приложение - LOGGER - (guessthenumber.py).<module>(36) - Пользователь отгадал число
2022-11-23 23:18:04,055 - [INFO] - тестовое приложение - LOGGER - (guessthenumber.py).<module>(53) - Программа завершила работу
2022-11-23 23:28:53,347 - [INFO] - тестовое приложение - LOGGER - (guessthenumber.py).<module>(14) - Программа запустилась
2022-11-23 23:28:56,544 - [ERROR] - тестовое приложение - LOGGER - (guessthenumber.py).<module>(20) - Данные введены некорректно.
2022-11-23 23:28:56,544 - [INFO] - тестовое приложение - LOGGER - (guessthenumber.py).<module>(14) - Программа запустилась
2022-11-23 23:29:12,192 - [INFO] - тестовое приложение - LOGGER - (guessthenumber.py).<module>(27) - Пользователь ввел предел равный: 10
2022-11-23 23:29:12,192 - [INFO] - тестовое приложение - LOGGER - (guessthenumber.py).<module>(28) - Пользователь ввел количество попыток равное: 5
2022-11-23 23:29:12,192 - [INFO] - тестовое приложение - LOGGER - (guessthenumber.py).<module>(30) - Компьютер сгенерировал число равное: 4
2022-11-23 23:29:35,351 - [INFO] - тестовое приложение - LOGGER - (guessthenumber.py).<module>(33) - Число введённое пользователем: 5
2022-11-23 23:29:35,351 - [INFO] - тестовое приложение - LOGGER - (guessthenumber.py).<module>(50) - Число введенное пользователем больше сгенерированного.
2022-11-23 23:29:40,550 - [INFO] - тестовое приложение - LOGGER - (guessthenumber.py).<module>(33) - Число введённое пользователем: 3
2022-11-23 23:29:40,551 - [INFO] - тестовое приложение - LOGGER - (guessthenumber.py).<module>(46) - Число введенное пользователем меньше сгенерированного.
2022-11-23 23:30:15,480 - [INFO] - тестовое приложение - LOGGER - (guessthenumber.py).<module>(33) - Число введённое пользователем: 4
2022-11-23 23:30:15,480 - [INFO] - тестовое приложение - LOGGER - (guessthenumber.py).<module>(36) - Пользователь отгадал число
2022-11-23 23:30:15,480 - [INFO] - тестовое приложение - LOGGER - (guessthenumber.py).<module>(53) - Программа завершила работу
